Performing C SOURCE FILE Test CMAKE_HAVE_LIBC_PTHREAD failed with the following output:
Change Dir: /home/squid/Projects/C++_Programing/RayLib/PaddleBall/cmake-build-debug/CMakeFiles/CMakeTmp

Run Build Command(s):/app/extra/clion/bin/ninja/linux/ninja cmTC_2dc53 && [1/2] Building C object CMakeFiles/cmTC_2dc53.dir/src.c.o
[2/2] Linking C executable cmTC_2dc53
FAILED: cmTC_2dc53 
: && /usr/bin/cc -fno-strict-aliasing -Werror=implicit-function-declaration -Werror=pointer-arith -rdynamic CMakeFiles/cmTC_2dc53.dir/src.c.o -o cmTC_2dc53   && :
/usr/lib/gcc/x86_64-unknown-linux-gnu/11.2.0/../../../../x86_64-unknown-linux-gnu/bin/ld: CMakeFiles/cmTC_2dc53.dir/src.c.o: in function `main':
src.c:(.text+0x3e): undefined reference to `pthread_create'
/usr/lib/gcc/x86_64-unknown-linux-gnu/11.2.0/../../../../x86_64-unknown-linux-gnu/bin/ld: src.c:(.text+0x4a): undefined reference to `pthread_detach'
/usr/lib/gcc/x86_64-unknown-linux-gnu/11.2.0/../../../../x86_64-unknown-linux-gnu/bin/ld: src.c:(.text+0x56): undefined reference to `pthread_cancel'
/usr/lib/gcc/x86_64-unknown-linux-gnu/11.2.0/../../../../x86_64-unknown-linux-gnu/bin/ld: src.c:(.text+0x67): undefined reference to `pthread_join'
collect2: error: ld returned 1 exit status
ninja: build stopped: subcommand failed.


Source file was:
#include <pthread.h>

static void* test_func(void* data)
{
  return data;
}

int main(void)
{
  pthread_t thread;
  pthread_create(&thread, NULL, test_func, NULL);
  pthread_detach(thread);
  pthread_cancel(thread);
  pthread_join(thread, NULL);
  pthread_atfork(NULL, NULL, NULL);
  pthread_exit(NULL);

  return 0;
}

Determining if the function pthread_create exists in the pthreads failed with the following output:
Change Dir: /home/squid/Projects/C++_Programing/RayLib/PaddleBall/cmake-build-debug/CMakeFiles/CMakeTmp

Run Build Command(s):/app/extra/clion/bin/ninja/linux/ninja cmTC_71f8f && [1/2] Building C object CMakeFiles/cmTC_71f8f.dir/CheckFunctionExists.c.o
[2/2] Linking C executable cmTC_71f8f
FAILED: cmTC_71f8f 
: && /usr/bin/cc -fno-strict-aliasing -Werror=implicit-function-declaration -Werror=pointer-arith  -DCHECK_FUNCTION_EXISTS=pthread_create  CMakeFiles/cmTC_71f8f.dir/CheckFunctionExists.c.o -o cmTC_71f8f  -lpthreads && :
/usr/lib/gcc/x86_64-unknown-linux-gnu/11.2.0/../../../../x86_64-unknown-linux-gnu/bin/ld: cannot find -lpthreads
collect2: error: ld returned 1 exit status
ninja: build stopped: subcommand failed.



